<?xml version="1.0" encoding="UTF-8"?>
<testsuite name="net.ftp.CommandParserTest" tests="12" skipped="0" failures="0" errors="0" timestamp="2024-10-04T12:54:54" hostname="asv" time="0.814">
  <properties/>
  <testcase name="testValidMkdCommand()" classname="net.ftp.CommandParserTest" time="0.773"/>
  <testcase name="testValidListCommand()" classname="net.ftp.CommandParserTest" time="0.004"/>
  <testcase name="testMultiLinePipedCommands()" classname="net.ftp.CommandParserTest" time="0.002"/>
  <testcase name="testComplexMultiLinePipedCommands()" classname="net.ftp.CommandParserTest" time="0.005"/>
  <testcase name="testInvalidCommand()" classname="net.ftp.CommandParserTest" time="0.003"/>
  <testcase name="testValidPassCommand()" classname="net.ftp.CommandParserTest" time="0.001"/>
  <testcase name="testValidCwdCommand()" classname="net.ftp.CommandParserTest" time="0.001"/>
  <testcase name="testValidStorCommand()" classname="net.ftp.CommandParserTest" time="0.002"/>
  <testcase name="testValidRetrCommand()" classname="net.ftp.CommandParserTest" time="0.001"/>
  <testcase name="testValidQuitCommand()" classname="net.ftp.CommandParserTest" time="0.001"/>
  <testcase name="testValidPwdCommand()" classname="net.ftp.CommandParserTest" time="0.001"/>
  <testcase name="testValidRmdCommand()" classname="net.ftp.CommandParserTest" time="0.001"/>
  <system-out><![CDATA[]]></system-out>
  <system-err><![CDATA[WARNING: A Java agent has been loaded dynamically (/home/asvanth/.gradle/caches/modules-2/files-2.1/net.bytebuddy/byte-buddy-agent/1.15.0/e32740c43acebaac9d55b86399ecf6a5df3c17fb/byte-buddy-agent-1.15.0.jar)
WARNING: If a serviceability tool is in use, please run with -XX:+EnableDynamicAgentLoading to hide this warning
WARNING: If a serviceability tool is not in use, please run with -Djdk.instrument.traceUsage for more information
WARNING: Dynamic loading of agents will be disallowed by default in a future release
]]></system-err>
</testsuite>
